<?xml version="1.0" encoding="UTF-8"?>
<!-- Generated by org.testng.reporters.JUnitReportReporter -->
<testsuite hostname="LAPTOP-BDM6FK70" failures="0" tests="1" name="org.salenide.test.GoogleTest" time="6.329" errors="0" timestamp="2022-07-05T13:27:56 IST" skipped="0">
  <testcase classname="org.salenide.test.GoogleTest" name="googleSearch" time="6.329"/>
  <system-out/>
</testsuite> <!-- org.salenide.test.GoogleTest -->
