<?xml version="1.0" encoding="UTF-8"?>
<!-- Generated by org.testng.reporters.JUnitReportReporter -->
<testsuite hostname="LAPTOP-BDM6FK70" failures="0" tests="1" name="org.selenium.test.OpencartTest" time="4.932" errors="0" timestamp="2022-07-05T16:03:44 IST" skipped="0">
  <testcase classname="org.selenium.test.OpencartTest" name="openCartApp" time="4.932"/>
  <system-out/>
</testsuite> <!-- org.selenium.test.OpencartTest -->
