<?xml version="1.0" encoding="UTF-8"?>
<!-- Generated by org.testng.reporters.JUnitReportReporter -->
<testsuite hostname="LAPTOP-BDM6FK70" failures="0" tests="1" name="org.selenium.test.OpencartTest" time="2.894" errors="0" timestamp="2022-07-05T15:24:54 IST" skipped="0">
  <testcase classname="org.selenium.test.OpencartTest" name="openCartApp" time="2.894"/>
  <system-out/>
</testsuite> <!-- org.selenium.test.OpencartTest -->
